0 info it worked if it ends with ok
1 verbose cli [ '/home/hp1/.nvm/versions/node/v6.2.1/bin/node',
1 verbose cli   '/home/hp1/.nvm/versions/node/v6.2.1/bin/npm',
1 verbose cli   'start' ]
2 info using npm@3.9.3
3 info using node@v6.2.1
4 verbose run-script [ 'prestart', 'start', 'poststart' ]
5 info lifecycle shopping-cart@0.0.0~prestart: shopping-cart@0.0.0
6 silly lifecycle shopping-cart@0.0.0~prestart: no script for prestart, continuing
7 info lifecycle shopping-cart@0.0.0~start: shopping-cart@0.0.0
8 verbose lifecycle shopping-cart@0.0.0~start: unsafe-perm in lifecycle true
9 verbose lifecycle shopping-cart@0.0.0~start: PATH: /home/hp1/.nvm/versions/node/v6.2.1/lib/node_modules/npm/bin/node-gyp-bin:/home/hp1/Desktop/new/online-store/node_modules/.bin:/home/hp1/.nvm/versions/node/v6.2.1/bin:/home/hp1/.nvm/versions/node/v6.2.1/bin:/usr/local/sbin:/usr/local/bin:/usr/sbin:/usr/bin:/sbin:/bin:/usr/games:/usr/local/games:/snap/bin:/usr/local/hadoop/sbin:/usr/local/hadoop/bin:/usr/local/hive/bin:/usr/local/derby/bin:/usr/lib/sqoop/bin
10 verbose lifecycle shopping-cart@0.0.0~start: CWD: /home/hp1/Desktop/new/online-store
11 silly lifecycle shopping-cart@0.0.0~start: Args: [ '-c', 'node ./bin/www' ]
12 silly lifecycle shopping-cart@0.0.0~start: Returned: code: 1  signal: null
13 info lifecycle shopping-cart@0.0.0~start: Failed to exec start script
14 verbose stack Error: shopping-cart@0.0.0 start: `node ./bin/www`
14 verbose stack Exit status 1
14 verbose stack     at EventEmitter.<anonymous> (/home/hp1/.nvm/versions/node/v6.2.1/lib/node_modules/npm/lib/utils/lifecycle.js:245:16)
14 verbose stack     at emitTwo (events.js:106:13)
14 verbose stack     at EventEmitter.emit (events.js:191:7)
14 verbose stack     at ChildProcess.<anonymous> (/home/hp1/.nvm/versions/node/v6.2.1/lib/node_modules/npm/lib/utils/spawn.js:24:14)
14 verbose stack     at emitTwo (events.js:106:13)
14 verbose stack     at ChildProcess.emit (events.js:191:7)
14 verbose stack     at maybeClose (internal/child_process.js:852:16)
14 verbose stack     at Process.ChildProcess._handle.onexit (internal/child_process.js:215:5)
15 verbose pkgid shopping-cart@0.0.0
16 verbose cwd /home/hp1/Desktop/new/online-store
17 error Linux 4.4.0-93-generic
18 error argv "/home/hp1/.nvm/versions/node/v6.2.1/bin/node" "/home/hp1/.nvm/versions/node/v6.2.1/bin/npm" "start"
19 error node v6.2.1
20 error npm  v3.9.3
21 error code ELIFECYCLE
22 error shopping-cart@0.0.0 start: `node ./bin/www`
22 error Exit status 1
23 error Failed at the shopping-cart@0.0.0 start script 'node ./bin/www'.
23 error Make sure you have the latest version of node.js and npm installed.
23 error If you do, this is most likely a problem with the shopping-cart package,
23 error not with npm itself.
23 error Tell the author that this fails on your system:
23 error     node ./bin/www
23 error You can get information on how to open an issue for this project with:
23 error     npm bugs shopping-cart
23 error Or if that isn't available, you can get their info via:
23 error     npm owner ls shopping-cart
23 error There is likely additional logging output above.
24 verbose exit [ 1, true ]
